{"/Users/ben/code/fanninggg/linkedList/linkedList.js": {"path":"/Users/ben/code/fanninggg/linkedList/linkedList.js","statementMap":{"0":{"start":{"line":3,"column":4},"end":{"line":3,"column":21}},"1":{"start":{"line":4,"column":4},"end":{"line":4,"column":20}},"2":{"start":{"line":8,"column":20},"end":{"line":8,"column":56}},"3":{"start":{"line":9,"column":4},"end":{"line":9,"column":24}},"4":{"start":{"line":10,"column":4},"end":{"line":10,"column":18}},"5":{"start":{"line":14,"column":4},"end":{"line":14,"column":55}},"6":{"start":{"line":14,"column":43},"end":{"line":14,"column":55}},"7":{"start":{"line":15,"column":18},"end":{"line":15,"column":27}},"8":{"start":{"line":16,"column":4},"end":{"line":18,"column":5}},"9":{"start":{"line":16,"column":16},"end":{"line":16,"column":17}},"10":{"start":{"line":17,"column":6},"end":{"line":17,"column":33}},"11":{"start":{"line":19,"column":4},"end":{"line":19,"column":19}},"12":{"start":{"line":23,"column":4},"end":{"line":23,"column":55}},"13":{"start":{"line":23,"column":43},"end":{"line":23,"column":55}},"14":{"start":{"line":24,"column":4},"end":{"line":24,"column":48}},"15":{"start":{"line":24,"column":21},"end":{"line":24,"column":48}},"16":{"start":{"line":25,"column":15},"end":{"line":25,"column":35}},"17":{"start":{"line":26,"column":4},"end":{"line":26,"column":62}},"18":{"start":{"line":27,"column":4},"end":{"line":27,"column":18}},"19":{"start":{"line":31,"column":4},"end":{"line":31,"column":36}},"20":{"start":{"line":32,"column":4},"end":{"line":32,"column":18}},"21":{"start":{"line":36,"column":4},"end":{"line":36,"column":55}},"22":{"start":{"line":36,"column":43},"end":{"line":36,"column":55}},"23":{"start":{"line":37,"column":4},"end":{"line":37,"column":46}},"24":{"start":{"line":37,"column":21},"end":{"line":37,"column":46}},"25":{"start":{"line":38,"column":15},"end":{"line":38,"column":35}},"26":{"start":{"line":39,"column":4},"end":{"line":39,"column":46}},"27":{"start":{"line":40,"column":4},"end":{"line":40,"column":19}},"28":{"start":{"line":46,"column":4},"end":{"line":46,"column":23}},"29":{"start":{"line":47,"column":4},"end":{"line":47,"column":31}},"30":{"start":{"line":51,"column":0},"end":{"line":57,"column":2}},"31":{"start":{"line":52,"column":15},"end":{"line":52,"column":31}},"32":{"start":{"line":53,"column":2},"end":{"line":55,"column":4}},"33":{"start":{"line":54,"column":4},"end":{"line":54,"column":23}},"34":{"start":{"line":56,"column":2},"end":{"line":56,"column":13}},"35":{"start":{"line":59,"column":0},"end":{"line":59,"column":28}}},"fnMap":{"0":{"name":"(anonymous_0)","decl":{"start":{"line":2,"column":2},"end":{"line":2,"column":3}},"loc":{"start":{"line":2,"column":16},"end":{"line":5,"column":3}},"line":2},"1":{"name":"(anonymous_1)","decl":{"start":{"line":7,"column":2},"end":{"line":7,"column":3}},"loc":{"start":{"line":7,"column":17},"end":{"line":11,"column":3}},"line":7},"2":{"name":"(anonymous_2)","decl":{"start":{"line":13,"column":2},"end":{"line":13,"column":3}},"loc":{"start":{"line":13,"column":14},"end":{"line":20,"column":3}},"line":13},"3":{"name":"(anonymous_3)","decl":{"start":{"line":22,"column":2},"end":{"line":22,"column":3}},"loc":{"start":{"line":22,"column":23},"end":{"line":28,"column":3}},"line":22},"4":{"name":"(anonymous_4)","decl":{"start":{"line":30,"column":2},"end":{"line":30,"column":3}},"loc":{"start":{"line":30,"column":15},"end":{"line":33,"column":3}},"line":30},"5":{"name":"(anonymous_5)","decl":{"start":{"line":35,"column":2},"end":{"line":35,"column":3}},"loc":{"start":{"line":35,"column":18},"end":{"line":41,"column":3}},"line":35},"6":{"name":"(anonymous_6)","decl":{"start":{"line":45,"column":2},"end":{"line":45,"column":3}},"loc":{"start":{"line":45,"column":32},"end":{"line":48,"column":3}},"line":45},"7":{"name":"(anonymous_7)","decl":{"start":{"line":51,"column":23},"end":{"line":51,"column":24}},"loc":{"start":{"line":51,"column":40},"end":{"line":57,"column":1}},"line":51},"8":{"name":"(anonymous_8)","decl":{"start":{"line":53,"column":27},"end":{"line":53,"column":28}},"loc":{"start":{"line":53,"column":38},"end":{"line":55,"column":3}},"line":53}},"branchMap":{"0":{"loc":{"start":{"line":14,"column":4},"end":{"line":14,"column":55}},"type":"if","locations":[{"start":{"line":14,"column":4},"end":{"line":14,"column":55}},{"start":{"line":14,"column":4},"end":{"line":14,"column":55}}],"line":14},"1":{"loc":{"start":{"line":14,"column":8},"end":{"line":14,"column":41}},"type":"binary-expr","locations":[{"start":{"line":14,"column":8},"end":{"line":14,"column":17}},{"start":{"line":14,"column":21},"end":{"line":14,"column":41}}],"line":14},"2":{"loc":{"start":{"line":23,"column":4},"end":{"line":23,"column":55}},"type":"if","locations":[{"start":{"line":23,"column":4},"end":{"line":23,"column":55}},{"start":{"line":23,"column":4},"end":{"line":23,"column":55}}],"line":23},"3":{"loc":{"start":{"line":23,"column":8},"end":{"line":23,"column":41}},"type":"binary-expr","locations":[{"start":{"line":23,"column":8},"end":{"line":23,"column":17}},{"start":{"line":23,"column":21},"end":{"line":23,"column":41}}],"line":23},"4":{"loc":{"start":{"line":24,"column":4},"end":{"line":24,"column":48}},"type":"if","locations":[{"start":{"line":24,"column":4},"end":{"line":24,"column":48}},{"start":{"line":24,"column":4},"end":{"line":24,"column":48}}],"line":24},"5":{"loc":{"start":{"line":36,"column":4},"end":{"line":36,"column":55}},"type":"if","locations":[{"start":{"line":36,"column":4},"end":{"line":36,"column":55}},{"start":{"line":36,"column":4},"end":{"line":36,"column":55}}],"line":36},"6":{"loc":{"start":{"line":36,"column":8},"end":{"line":36,"column":41}},"type":"binary-expr","locations":[{"start":{"line":36,"column":8},"end":{"line":36,"column":17}},{"start":{"line":36,"column":21},"end":{"line":36,"column":41}}],"line":36},"7":{"loc":{"start":{"line":37,"column":4},"end":{"line":37,"column":46}},"type":"if","locations":[{"start":{"line":37,"column":4},"end":{"line":37,"column":46}},{"start":{"line":37,"column":4},"end":{"line":37,"column":46}}],"line":37}},"s":{"0":15,"1":15,"2":44,"3":44,"4":44,"5":8,"6":2,"7":6,"8":6,"9":6,"10":8,"11":6,"12":4,"13":2,"14":2,"15":1,"16":1,"17":1,"18":1,"19":2,"20":2,"21":4,"22":2,"23":2,"24":1,"25":1,"26":1,"27":1,"28":45,"29":45,"30":1,"31":13,"32":13,"33":39,"34":13,"35":1},"f":{"0":15,"1":44,"2":8,"3":4,"4":2,"5":4,"6":45,"7":13,"8":39},"b":{"0":[2,6],"1":[8,7],"2":[2,2],"3":[4,3],"4":[1,1],"5":[2,2],"6":[4,3],"7":[1,1]},"_coverageSchema":"1a1c01bbd47fc00a2c39e90264f33305004495a9","hash":"85293c05d4be06a2f7aad2f3b897358c02d69ee4"}
}
