TN:
SF:linkedList.js
FN:2,(anonymous_0)
FN:7,(anonymous_1)
FN:13,(anonymous_2)
FN:22,(anonymous_3)
FN:30,(anonymous_4)
FN:35,(anonymous_5)
FN:45,(anonymous_6)
FN:51,(anonymous_7)
FN:53,(anonymous_8)
FNF:9
FNH:9
FNDA:15,(anonymous_0)
FNDA:44,(anonymous_1)
FNDA:8,(anonymous_2)
FNDA:4,(anonymous_3)
FNDA:2,(anonymous_4)
FNDA:4,(anonymous_5)
FNDA:45,(anonymous_6)
FNDA:13,(anonymous_7)
FNDA:39,(anonymous_8)
DA:3,15
DA:4,15
DA:8,44
DA:9,44
DA:10,44
DA:14,8
DA:15,6
DA:16,6
DA:17,8
DA:19,6
DA:23,4
DA:24,2
DA:25,1
DA:26,1
DA:27,1
DA:31,2
DA:32,2
DA:36,4
DA:37,2
DA:38,1
DA:39,1
DA:40,1
DA:46,45
DA:47,45
DA:51,1
DA:52,13
DA:53,13
DA:54,39
DA:56,13
DA:59,1
LF:30
LH:30
BRDA:14,0,0,2
BRDA:14,0,1,6
BRDA:14,1,0,8
BRDA:14,1,1,7
BRDA:23,2,0,2
BRDA:23,2,1,2
BRDA:23,3,0,4
BRDA:23,3,1,3
BRDA:24,4,0,1
BRDA:24,4,1,1
BRDA:36,5,0,2
BRDA:36,5,1,2
BRDA:36,6,0,4
BRDA:36,6,1,3
BRDA:37,7,0,1
BRDA:37,7,1,1
BRF:16
BRH:16
end_of_record
